./process-package.sh 3 abattis-cantarell-fonts-0.301-4.el9@/repo/ol9_appstream/getPackage
+ for pkg in "${packages[@]}"
+ IFS=@
+ read -r pkg_info repo_path
+ IFS=-
+ read -r package_name package_version
++ get_package_status abattis cantarell-fonts-0.301-4.el9 /repo/ol9_appstream/getPackage
++ local package_name=abattis
++ local package_version=cantarell-fonts-0.301-4.el9
++ local repo_path=/repo/ol9_appstream/getPackage
++ [[ cantarell-fonts-0.301-4.el9 =~ ([0-9]+):(.+) ]]
++ local version=cantarell-fonts-0.301-4.el9
++ local 'package_pattern=/repo/ol9_appstream/getPackage/abattis-cantarell-fonts-0.301-4.el9*.rpm'
++ compgen -G '/repo/ol9_appstream/getPackage/abattis-cantarell-fonts-0.301-4.el9*.rpm'
++ echo EXISTS
+ package_status=EXISTS
+ '[' 0 -ne 0 ']'
+ case $package_status in
+ echo -e '\e[32m/repo/ol9_appstream/getPackage: abattis-cantarell-fonts-0.301-4.el9 exists.\e[0m'
[32m/repo/ol9_appstream/getPackage: abattis-cantarell-fonts-0.301-4.el9 exists.[0m
+ for pkg in "${packages[@]}"
+ IFS=@
+ read -r pkg_info repo_path
+ IFS=-
+ read -r package_name package_version
++ get_package_status accountsservice 0.6.55-10.el9 /repo/ol9_appstream/getPackage
++ local package_name=accountsservice
++ local package_version=0.6.55-10.el9
++ local repo_path=/repo/ol9_appstream/getPackage
++ [[ 0.6.55-10.el9 =~ ([0-9]+):(.+) ]]
++ local version=0.6.55-10.el9
++ local 'package_pattern=/repo/ol9_appstream/getPackage/accountsservice-0.6.55-10.el9*.rpm'
++ compgen -G '/repo/ol9_appstream/getPackage/accountsservice-0.6.55-10.el9*.rpm'
++ echo EXISTS
+ package_status=EXISTS
+ '[' 0 -ne 0 ']'
+ case $package_status in
+ echo -e '\e[32m/repo/ol9_appstream/getPackage: accountsservice-0.6.55-10.el9 exists.\e[0m'
[32m/repo/ol9_appstream/getPackage: accountsservice-0.6.55-10.el9 exists.[0m
+ for pkg in "${packages[@]}"
+ IFS=@
+ read -r pkg_info repo_path
+ IFS=-
+ read -r package_name package_version
++ get_package_status accountsservice libs-0.6.55-10.el9 /repo/ol9_appstream/getPackage
++ local package_name=accountsservice
++ local package_version=libs-0.6.55-10.el9
++ local repo_path=/repo/ol9_appstream/getPackage
++ [[ libs-0.6.55-10.el9 =~ ([0-9]+):(.+) ]]
++ local version=libs-0.6.55-10.el9
++ local 'package_pattern=/repo/ol9_appstream/getPackage/accountsservice-libs-0.6.55-10.el9*.rpm'
++ compgen -G '/repo/ol9_appstream/getPackage/accountsservice-libs-0.6.55-10.el9*.rpm'
++ echo EXISTS
+ package_status=EXISTS
+ '[' 0 -ne 0 ']'
+ case $package_status in
+ echo -e '\e[32m/repo/ol9_appstream/getPackage: accountsservice-libs-0.6.55-10.el9 exists.\e[0m'
[32m/repo/ol9_appstream/getPackage: accountsservice-libs-0.6.55-10.el9 exists.[0m
+ for pkg in "${packages[@]}"
+ IFS=@
+ read -r pkg_info repo_path
+ IFS=-
+ read -r package_name package_version
++ get_package_status acl 2.3.1-4.el9 /repo/ol9_baseos_latest/getPackage
++ local package_name=acl
++ local package_version=2.3.1-4.el9
++ local repo_path=/repo/ol9_baseos_latest/getPackage
++ [[ 2.3.1-4.el9 =~ ([0-9]+):(.+) ]]
++ local version=2.3.1-4.el9
++ local 'package_pattern=/repo/ol9_baseos_latest/getPackage/acl-2.3.1-4.el9*.rpm'
++ compgen -G '/repo/ol9_baseos_latest/getPackage/acl-2.3.1-4.el9*.rpm'
++ echo EXISTS
+ package_status=EXISTS
+ '[' 0 -ne 0 ']'
+ case $package_status in
+ echo -e '\e[32m/repo/ol9_baseos_latest/getPackage: acl-2.3.1-4.el9 exists.\e[0m'
[32m/repo/ol9_baseos_latest/getPackage: acl-2.3.1-4.el9 exists.[0m
+ for pkg in "${packages[@]}"
+ IFS=@
+ read -r pkg_info repo_path
+ IFS=-
+ read -r package_name package_version
++ get_package_status adcli 0.9.2-1.el9 /repo/ol9_baseos_latest/getPackage
++ local package_name=adcli
++ local package_version=0.9.2-1.el9
++ local repo_path=/repo/ol9_baseos_latest/getPackage
++ [[ 0.9.2-1.el9 =~ ([0-9]+):(.+) ]]
++ local version=0.9.2-1.el9
++ local 'package_pattern=/repo/ol9_baseos_latest/getPackage/adcli-0.9.2-1.el9*.rpm'
++ compgen -G '/repo/ol9_baseos_latest/getPackage/adcli-0.9.2-1.el9*.rpm'
++ echo EXISTS
+ package_status=EXISTS
+ '[' 0 -ne 0 ']'
+ case $package_status in
+ echo -e '\e[32m/repo/ol9_baseos_latest/getPackage: adcli-0.9.2-1.el9 exists.\e[0m'
[32m/repo/ol9_baseos_latest/getPackage: adcli-0.9.2-1.el9 exists.[0m
+ for pkg in "${packages[@]}"
+ IFS=@
+ read -r pkg_info repo_path
+ IFS=-
+ read -r package_name package_version
++ get_package_status adobe mappings-cmap-20171205-12.el9 /repo/ol9_appstream/getPackage
++ local package_name=adobe
++ local package_version=mappings-cmap-20171205-12.el9
++ local repo_path=/repo/ol9_appstream/getPackage
++ [[ mappings-cmap-20171205-12.el9 =~ ([0-9]+):(.+) ]]
++ local version=mappings-cmap-20171205-12.el9
++ local 'package_pattern=/repo/ol9_appstream/getPackage/adobe-mappings-cmap-20171205-12.el9*.rpm'
++ compgen -G '/repo/ol9_appstream/getPackage/adobe-mappings-cmap-20171205-12.el9*.rpm'
++ echo EXISTS
+ package_status=EXISTS
+ '[' 0 -ne 0 ']'
+ case $package_status in
+ echo -e '\e[32m/repo/ol9_appstream/getPackage: adobe-mappings-cmap-20171205-12.el9 exists.\e[0m'
[32m/repo/ol9_appstream/getPackage: adobe-mappings-cmap-20171205-12.el9 exists.[0m
+ for pkg in "${packages[@]}"
+ IFS=@
+ read -r pkg_info repo_path
+ IFS=-
+ read -r package_name package_version
++ get_package_status adobe mappings-cmap-deprecated-20171205-12.el9 /repo/ol9_appstream/getPackage
++ local package_name=adobe
++ local package_version=mappings-cmap-deprecated-20171205-12.el9
++ local repo_path=/repo/ol9_appstream/getPackage
++ [[ mappings-cmap-deprecated-20171205-12.el9 =~ ([0-9]+):(.+) ]]
++ local version=mappings-cmap-deprecated-20171205-12.el9
++ local 'package_pattern=/repo/ol9_appstream/getPackage/adobe-mappings-cmap-deprecated-20171205-12.el9*.rpm'
++ compgen -G '/repo/ol9_appstream/getPackage/adobe-mappings-cmap-deprecated-20171205-12.el9*.rpm'
++ echo EXISTS
+ package_status=EXISTS
+ '[' 0 -ne 0 ']'
+ case $package_status in
+ echo -e '\e[32m/repo/ol9_appstream/getPackage: adobe-mappings-cmap-deprecated-20171205-12.el9 exists.\e[0m'
[32m/repo/ol9_appstream/getPackage: adobe-mappings-cmap-deprecated-20171205-12.el9 exists.[0m
+ for pkg in "${packages[@]}"
+ IFS=@
+ read -r pkg_info repo_path
+ IFS=-
+ read -r package_name package_version
++ get_package_status adobe mappings-pdf-20180407-10.el9 /repo/ol9_appstream/getPackage
++ local package_name=adobe
++ local package_version=mappings-pdf-20180407-10.el9
++ local repo_path=/repo/ol9_appstream/getPackage
++ [[ mappings-pdf-20180407-10.el9 =~ ([0-9]+):(.+) ]]
++ local version=mappings-pdf-20180407-10.el9
++ local 'package_pattern=/repo/ol9_appstream/getPackage/adobe-mappings-pdf-20180407-10.el9*.rpm'
++ compgen -G '/repo/ol9_appstream/getPackage/adobe-mappings-pdf-20180407-10.el9*.rpm'
++ echo EXISTS
+ package_status=EXISTS
+ '[' 0 -ne 0 ']'
+ case $package_status in
+ echo -e '\e[32m/repo/ol9_appstream/getPackage: adobe-mappings-pdf-20180407-10.el9 exists.\e[0m'
[32m/repo/ol9_appstream/getPackage: adobe-mappings-pdf-20180407-10.el9 exists.[0m
+ for pkg in "${packages[@]}"
+ IFS=@
+ read -r pkg_info repo_path
+ IFS=-
+ read -r package_name package_version
++ get_package_status adobe source-code-pro-fonts-2.030.1.050-12.el9.1 /repo/ol9_appstream/getPackage
++ local package_name=adobe
++ local package_version=source-code-pro-fonts-2.030.1.050-12.el9.1
++ local repo_path=/repo/ol9_appstream/getPackage
++ [[ source-code-pro-fonts-2.030.1.050-12.el9.1 =~ ([0-9]+):(.+) ]]
++ local version=source-code-pro-fonts-2.030.1.050-12.el9.1
++ local 'package_pattern=/repo/ol9_appstream/getPackage/adobe-source-code-pro-fonts-2.030.1.050-12.el9.1*.rpm'
++ compgen -G '/repo/ol9_appstream/getPackage/adobe-source-code-pro-fonts-2.030.1.050-12.el9.1*.rpm'
++ echo EXISTS
+ package_status=EXISTS
+ '[' 0 -ne 0 ']'
+ case $package_status in
+ echo -e '\e[32m/repo/ol9_appstream/getPackage: adobe-source-code-pro-fonts-2.030.1.050-12.el9.1 exists.\e[0m'
[32m/repo/ol9_appstream/getPackage: adobe-source-code-pro-fonts-2.030.1.050-12.el9.1 exists.[0m
+ for pkg in "${packages[@]}"
+ IFS=@
+ read -r pkg_info repo_path
+ IFS=-
+ read -r package_name package_version
++ get_package_status adwaita cursor-theme-40.1.1-3.el9 /repo/ol9_appstream/getPackage
++ local package_name=adwaita
++ local package_version=cursor-theme-40.1.1-3.el9
++ local repo_path=/repo/ol9_appstream/getPackage
++ [[ cursor-theme-40.1.1-3.el9 =~ ([0-9]+):(.+) ]]
++ local version=cursor-theme-40.1.1-3.el9
++ local 'package_pattern=/repo/ol9_appstream/getPackage/adwaita-cursor-theme-40.1.1-3.el9*.rpm'
++ compgen -G '/repo/ol9_appstream/getPackage/adwaita-cursor-theme-40.1.1-3.el9*.rpm'
++ echo EXISTS
+ package_status=EXISTS
+ '[' 0 -ne 0 ']'
+ case $package_status in
+ echo -e '\e[32m/repo/ol9_appstream/getPackage: adwaita-cursor-theme-40.1.1-3.el9 exists.\e[0m'
[32m/repo/ol9_appstream/getPackage: adwaita-cursor-theme-40.1.1-3.el9 exists.[0m
+ download_packages abattis-cantarell-fonts-0.301-4.el9@/repo/ol9_appstream/getPackage accountsservice-0.6.55-10.el9@/repo/ol9_appstream/getPackage accountsservice-libs-0.6.55-10.el9@/repo/ol9_appstream/getPackage acl-2.3.1-4.el9@/repo/ol9_baseos_latest/getPackage adcli-0.9.2-1.el9@/repo/ol9_baseos_latest/getPackage adobe-mappings-cmap-20171205-12.el9@/repo/ol9_appstream/getPackage adobe-mappings-cmap-deprecated-20171205-12.el9@/repo/ol9_appstream/getPackage adobe-mappings-pdf-20180407-10.el9@/repo/ol9_appstream/getPackage adobe-source-code-pro-fonts-2.030.1.050-12.el9.1@/repo/ol9_appstream/getPackage adwaita-cursor-theme-40.1.1-3.el9@/repo/ol9_appstream/getPackage
+ packages=('abattis-cantarell-fonts-0.301-4.el9@/repo/ol9_appstream/getPackage' 'accountsservice-0.6.55-10.el9@/repo/ol9_appstream/getPackage' 'accountsservice-libs-0.6.55-10.el9@/repo/ol9_appstream/getPackage' 'acl-2.3.1-4.el9@/repo/ol9_baseos_latest/getPackage' 'adcli-0.9.2-1.el9@/repo/ol9_baseos_latest/getPackage' 'adobe-mappings-cmap-20171205-12.el9@/repo/ol9_appstream/getPackage' 'adobe-mappings-cmap-deprecated-20171205-12.el9@/repo/ol9_appstream/getPackage' 'adobe-mappings-pdf-20180407-10.el9@/repo/ol9_appstream/getPackage' 'adobe-source-code-pro-fonts-2.030.1.050-12.el9.1@/repo/ol9_appstream/getPackage' 'adwaita-cursor-theme-40.1.1-3.el9@/repo/ol9_appstream/getPackage')
+ local packages
+ local repo_path
+ local package_name
+ local package_version
+ declare -A repo_packages
+ for pkg in "${packages[@]}"
+ IFS=@
+ read -r pkg_info repo_path
+ IFS=-
+ read -r package_name package_version
+ repo_packages["$repo_path"]+='abattis-cantarell-fonts-0.301-4.el9 '
+ for pkg in "${packages[@]}"
+ IFS=@
+ read -r pkg_info repo_path
+ IFS=-
+ read -r package_name package_version
+ repo_packages["$repo_path"]+='accountsservice-0.6.55-10.el9 '
+ for pkg in "${packages[@]}"
+ IFS=@
+ read -r pkg_info repo_path
+ IFS=-
+ read -r package_name package_version
+ repo_packages["$repo_path"]+='accountsservice-libs-0.6.55-10.el9 '
+ for pkg in "${packages[@]}"
+ IFS=@
+ read -r pkg_info repo_path
+ IFS=-
+ read -r package_name package_version
+ repo_packages["$repo_path"]+='acl-2.3.1-4.el9 '
+ for pkg in "${packages[@]}"
+ IFS=@
+ read -r pkg_info repo_path
+ IFS=-
+ read -r package_name package_version
+ repo_packages["$repo_path"]+='adcli-0.9.2-1.el9 '
+ for pkg in "${packages[@]}"
+ IFS=@
+ read -r pkg_info repo_path
+ IFS=-
+ read -r package_name package_version
+ repo_packages["$repo_path"]+='adobe-mappings-cmap-20171205-12.el9 '
+ for pkg in "${packages[@]}"
+ IFS=@
+ read -r pkg_info repo_path
+ IFS=-
+ read -r package_name package_version
+ repo_packages["$repo_path"]+='adobe-mappings-cmap-deprecated-20171205-12.el9 '
+ for pkg in "${packages[@]}"
+ IFS=@
+ read -r pkg_info repo_path
+ IFS=-
+ read -r package_name package_version
+ repo_packages["$repo_path"]+='adobe-mappings-pdf-20180407-10.el9 '
+ for pkg in "${packages[@]}"
+ IFS=@
+ read -r pkg_info repo_path
+ IFS=-
+ read -r package_name package_version
+ repo_packages["$repo_path"]+='adobe-source-code-pro-fonts-2.030.1.050-12.el9.1 '
+ for pkg in "${packages[@]}"
+ IFS=@
+ read -r pkg_info repo_path
+ IFS=-
+ read -r package_name package_version
+ repo_packages["$repo_path"]+='adwaita-cursor-theme-40.1.1-3.el9 '
+ for repo_path in "${!repo_packages[@]}"
+ mkdir -p /repo/ol9_appstream/getPackage
+ '[' 3 -ge 1 ']'
+ echo 'Downloading packages to /repo/ol9_appstream/getPackage: abattis-cantarell-fonts-0.301-4.el9 accountsservice-0.6.55-10.el9 accountsservice-libs-0.6.55-10.el9 adobe-mappings-cmap-20171205-12.el9 adobe-mappings-cmap-deprecated-20171205-12.el9 adobe-mappings-pdf-20180407-10.el9 adobe-source-code-pro-fonts-2.030.1.050-12.el9.1 adwaita-cursor-theme-40.1.1-3.el9 '
Downloading packages to /repo/ol9_appstream/getPackage: abattis-cantarell-fonts-0.301-4.el9 accountsservice-0.6.55-10.el9 accountsservice-libs-0.6.55-10.el9 adobe-mappings-cmap-20171205-12.el9 adobe-mappings-cmap-deprecated-20171205-12.el9 adobe-mappings-pdf-20180407-10.el9 adobe-source-code-pro-fonts-2.030.1.050-12.el9.1 adwaita-cursor-theme-40.1.1-3.el9 
+ dnf download --arch=x86_64,noarch --destdir=/repo/ol9_appstream/getPackage --resolve abattis-cantarell-fonts-0.301-4.el9 accountsservice-0.6.55-10.el9 accountsservice-libs-0.6.55-10.el9 adobe-mappings-cmap-20171205-12.el9 adobe-mappings-cmap-deprecated-20171205-12.el9 adobe-mappings-pdf-20180407-10.el9 adobe-source-code-pro-fonts-2.030.1.050-12.el9.1 adwaita-cursor-theme-40.1.1-3.el9
+ grep -v 'me[SKIPPED] NetworkManager-Waiting for process with pid 1227095 to finish.
Waiting for process with pid 1227112 to finish.
[SKIPPED] adobe-source-code-pro-fonts-2.030.1.050-12.el9.1.noarch.rpm: Already downloaded
[SKIPPED] abattis-cantarell-fonts-0.301-4.el9.noarch.rpm: Already downloaded   
[SKIPPED] accountsservice-0.6.55-10.el9.x86_64.rpm: Already downloaded         
[SKIPPED] accountsservice-libs-0.6.55-10.el9.x86_64.rpm: Already downloaded    
[SKIPPED] adobe-mappings-cmap-20171205-12.el9.noarch.rpm: Already downloaded   
[SKIPPED] adobe-mappings-cmap-deprecated-20171205-12.el9.noarch.rpm: Already downloaded
[SKIPPED] adobe-mappings-pdf-Waiting for process with pid 1227112 to finish.
Waiting for process with pid 1227140 to finish.
[SKIPPED] NetworkManager-libreswan-1.2.18-2.el9.x86_64.rpm: Already downloaded 
+ '[' 0 -ne 0 ']'
+ for repo_path in "${!repo_packages[@]}"
+ mkdir -p /repo/ol9_baseos_latest/getPackage
+ '[' 3 -ge 1 ']'
+ echo 'Downloading packages to /repo/ol9_baseos_latest/getPackage: ModemManager-1.20.2-1.el9 ModemManager-glib-1.20.2-1.el9 NetworkManager-1:1.46.0-4.0.1.el9_4 NetworkManager-adsl-1:1.46.0-4.0.1.el9_4 NetworkManager-bluetooth-1:1.46.0-4.0.1.el9_4 NetworkManager-config-server-1:1.46.0-4.0.1.el9_4 NetworkManager-libnWaiting for process with pid 1227146 to finish.
[SKIPPED] acl-2.3.1-4.el9.x86_64.rpm: Already downloaded                       
[SKIPPED] adcli-0.9.2-1.el9.x86_64.rpm: Already downloaded                     
+ '[' 0 -ne 0 ']'
+ '[' 1 -ne 0 ']'
+ echo 'Failed to download packages in batch.'
Failed to download packages in batch.
+ exit 1
1.46.0-4.0.1.el9_4 
+ dnf download --arch=Waiting for process with pid 1227140 to finish.
Waiting for process with pid 1227143 to finish.
[SKIPPED] NetworkManager-tui-1.46.0-4.0.1.el9_4.x86_64.rpm: Already downloaded 
[SKIPPED] NetworkManager-wwan-1.46.0-4.0.1.el9_4.x86_64.rpm: Already downloaded
[SKIPPED] NetworkManager-team-1.46.0-4.0.1.el9_4.x86_64.rpm: Already downloaded
[SKIPPED] NetworkManager-wifi-1.46.0-4.0.1.Waiting for process with pid 1227146 to finish.
Waiting for process with pid 1227149 to finish.
[SKIPPED] NetworkManager-adsl-1.46.0-4.0.1.el9_4.x86_64.rpm: Already downloaded
[SKIPPED] NetworkManager-config-server-1.46.0-4.0.1.el9_4.noarch.rpm: Already downloaded
[SKIPPED] NetworkManager-libnm-1.46.0-4.0.1.el9_4.x86_64.rpm: Already downloaded
[SKIPPED] NetworkManager-bluetooth-1.46.0-4.0.1.el9_4.x86_64.rpm: Already downloaded
[SKIPPED] NetworkManager-1.46.0-4.0.1.el9_4.x86_64.rpm: Already downloaded     
[SKIPPED] ModemManager-1.20.2-1.el9.x86_64.rpm: Already downloaded             
[SKIPPED] ModemManager-glib-1.20.2-1.el9.x86_64.rpm: Already downloaded        
+ '[' 0 -ne 0 ']'
+ '[' 1 -ne 0 ']'
+ echo 'Failed to download packages in batch.'
Failed to download packages in batch.
+ exit 1
